This is pdfTeX, Version 3.141592653-2.6-1.40.27 (MiKTeX 25.3) (preloaded format=pdflatex 2025.4.19)  3 MAR 2026 04:34
entering extended mode
 restricted \write18 enabled.
 %&-line parsing enabled.
**./cv_es/cv.tex
(cv_es/cv.tex
LaTeX2e <2023-11-01> patch level 1
L3 programming layer <2024-01-04>

(C:\Users\Roberto Andres\AppData\Local\Programs\MiKTeX\tex/latex/base\article.c
ls
Document Class: article 2023/05/17 v1.4n Standard LaTeX document class

(C:\Users\Roberto Andres\AppData\Local\Programs\MiKTeX\tex/latex/base\size11.cl
o
File: size11.clo 2023/05/17 v1.4n Standard LaTeX file (size option)
)
\c@part=\count187
\c@section=\count188
\c@subsection=\count189
\c@subsubsection=\count190
\c@paragraph=\count191
\c@subparagraph=\count192
\c@figure=\count193
\c@table=\count194
\abovecaptionskip=\skip48
\belowcaptionskip=\skip49
\bibindent=\dimen140
)
(C:\Users\Roberto Andres\AppData\Local\Programs\MiKTeX\tex/latex/geometry\geome
try.sty
Package: geometry 2020/01/02 v5.9 Page Geometry

(C:\Users\Roberto Andres\AppData\Local\Programs\MiKTeX\tex/latex/graphics\keyva
l.sty
Package: keyval 2022/05/29 v1.15 key=value parser (DPC)
\KV@toks@=\toks17
)
(C:\Users\Roberto Andres\AppData\Local\Programs\MiKTeX\tex/generic/iftex\ifvtex
.sty
Package: ifvtex 2019/10/25 v1.7 ifvtex legacy package. Use iftex instead.

(C:\Users\Roberto Andres\AppData\Local\Programs\MiKTeX\tex/generic/iftex\iftex.
sty
Package: iftex 2024/12/12 v1.0g TeX engine tests
))
\Gm@cnth=\count195
\Gm@cntv=\count196
\c@Gm@tempcnt=\count197
\Gm@bindingoffset=\dimen141
\Gm@wd@mp=\dimen142
\Gm@odd@mp=\dimen143
\Gm@even@mp=\dimen144
\Gm@layoutwidth=\dimen145
\Gm@layoutheight=\dimen146
\Gm@layouthoffset=\dimen147
\Gm@layoutvoffset=\dimen148
\Gm@dimlist=\toks18

(C:\Users\Roberto Andres\AppData\Local\Programs\MiKTeX\tex/latex/geometry\geome
try.cfg))
(C:\Users\Roberto Andres\AppData\Local\Programs\MiKTeX\tex/latex/adjustbox\trim
clip.sty
Package: trimclip 2025/02/21 v1.2a Trim and clip general TeX material

(C:\Users\Roberto Andres\AppData\Local\Programs\MiKTeX\tex/latex/graphics\graph
icx.sty
Package: graphicx 2021/09/16 v1.2d Enhanced LaTeX Graphics (DPC,SPQR)

(C:\Users\Roberto Andres\AppData\Local\Programs\MiKTeX\tex/latex/graphics\graph
ics.sty
Package: graphics 2024/08/06 v1.4g Standard LaTeX Graphics (DPC,SPQR)

(C:\Users\Roberto Andres\AppData\Local\Programs\MiKTeX\tex/latex/graphics\trig.
sty
Package: trig 2023/12/02 v1.11 sin cos tan (DPC)
)
(C:\Users\Roberto Andres\AppData\Local\Programs\MiKTeX\tex/latex/graphics-cfg\g
raphics.cfg
File: graphics.cfg 2016/06/04 v1.11 sample graphics configuration
)
Package graphics Info: Driver file: pdftex.def on input line 106.

(C:\Users\Roberto Andres\AppData\Local\Programs\MiKTeX\tex/latex/graphics-def\p
dftex.def
File: pdftex.def 2024/04/13 v1.2c Graphics/color driver for pdftex
))
\Gin@req@height=\dimen149
\Gin@req@width=\dimen150
)
(C:\Users\Roberto Andres\AppData\Local\Programs\MiKTeX\tex/latex/collectbox\col
lectbox.sty
Package: collectbox 2022/10/17 v0.4c Collect macro arguments as boxes
\collectedbox=\box51
)
(C:\Users\Roberto Andres\AppData\Local\Programs\MiKTeX\tex/latex/adjustbox\adjc
alc.sty
Package: adjcalc 2012/05/16 v1.1 Provides advanced setlength with multiple back
-ends (calc, etex, pgfmath)

(C:\Users\Roberto Andres\AppData\Local\Programs\MiKTeX\tex/latex/xkeyval\xkeyva
l.sty
Package: xkeyval 2022/06/16 v2.9 package option processing (HA)

(C:\Users\Roberto Andres\AppData\Local\Programs\MiKTeX\tex/generic/xkeyval\xkey
val.tex
(C:\Users\Roberto Andres\AppData\Local\Programs\MiKTeX\tex/generic/xkeyval\xkvu
tils.tex
\XKV@toks=\toks19
\XKV@tempa@toks=\toks20
)
\XKV@depth=\count198
File: xkeyval.tex 2014/12/03 v2.7a key=value parser (HA)
)))
\tc@llx=\dimen151
\tc@lly=\dimen152
\tc@urx=\dimen153
\tc@ury=\dimen154
Package trimclip Info: Using driver 'tc-pdftex.def'.

(C:\Users\Roberto Andres\AppData\Local\Programs\MiKTeX\tex/latex/adjustbox\tc-p
dftex.def
File: tc-pdftex.def 2025/02/26 v2.3 Clipping driver for pdftex
))
(C:\Users\Roberto Andres\AppData\Local\Programs\MiKTeX\tex/latex/tools\tabularx
.sty
Package: tabularx 2023/07/08 v2.11c `tabularx' package (DPC)

(C:\Users\Roberto Andres\AppData\Local\Programs\MiKTeX\tex/latex/tools\array.st
y
Package: array 2023/10/16 v2.5g Tabular extension package (FMi)
\col@sep=\dimen155
\ar@mcellbox=\box52
\extrarowheight=\dimen156
\NC@list=\toks21
\extratabsurround=\skip50
\backup@length=\skip51
\ar@cellbox=\box53
)
\TX@col@width=\dimen157
\TX@old@table=\dimen158
\TX@old@col=\dimen159
\TX@target=\dimen160
\TX@delta=\dimen161
\TX@cols=\count199
\TX@ftn=\toks22
)
(C:\Users\Roberto Andres\AppData\Local\Programs\MiKTeX\tex/latex/contour\contou
r.sty
Package: contour 2004/11/18 v2.14 Print contoured text (HH, MH)

(C:\Users\Roberto Andres\AppData\Local\Programs\MiKTeX\tex/latex/graphics\color
.sty
Package: color 2024/06/23 v1.3e Standard LaTeX Color (DPC)

(C:\Users\Roberto Andres\AppData\Local\Programs\MiKTeX\tex/latex/graphics-cfg\c
olor.cfg
File: color.cfg 2016/01/02 v1.6 sample color configuration
)
Package color Info: Driver file: pdftex.def on input line 149.

(C:\Users\Roberto Andres\AppData\Local\Programs\MiKTeX\tex/latex/graphics\mathc
olor.ltx))
\con@length=\skip52

Loading configuration file `contour.cfg'.

(C:\Users\Roberto Andres\AppData\Local\Programs\MiKTeX\tex/latex/contour\contou
r.cfg
File: contour.cfg 2004/11/18 v2.14 Print contoured text (HH, MH)
)
contour: Using driver file `pdftex.cnt'.

(C:\Users\Roberto Andres\AppData\Local\Programs\MiKTeX\tex/latex/contour\pdftex
.cnt
File: pdftex.cnt 2004/11/18 v2.14 Print contoured text (HH, MH)
))
(C:\Users\Roberto Andres\AppData\Local\Programs\MiKTeX\tex/latex/tabto-ltx\tabt
o.sty
Package: tabto 2018/12/28  v 1.4  Another tabbing mechanism
\CurrentLineWidth=\dimen162
\TabPrevPos=\dimen163
)
(C:\Users\Roberto Andres\AppData\Local\Programs\MiKTeX\tex/latex/blindtext\blin
dtext.sty
Package: blindtext 2012/01/06 V2.0 blindtext-Package

(C:\Users\Roberto Andres\AppData\Local\Programs\MiKTeX\tex/latex/tools\xspace.s
ty
Package: xspace 2014/10/28 v1.13 Space after command names (DPC,MH)
)
\c@blindtext=\count266
\c@Blindtext=\count267
\c@blind@countparstart=\count268
\blind@countxx=\count269
\blindtext@numBlindtext=\count270
\blind@countyy=\count271
\c@blindlist=\count272
\c@blindlistlevel=\count273
\c@blindlist@level=\count274
\blind@listitem=\count275
\c@blind@listcount=\count276
\c@blind@levelcount=\count277
\blind@mathformula=\count278
\blind@Mathformula=\count279
\c@blind@randomcount=\count280
\c@blind@randommax=\count281
\c@blind@pangramcount=\count282
\c@blind@pangrammax=\count283
)
(C:\Users\Roberto Andres\AppData\Local\Programs\MiKTeX\tex/latex/hyperref\hyper
ref.sty
Package: hyperref 2024-11-05 v7.01l Hypertext links for LaTeX

(C:\Users\Roberto Andres\AppData\Local\Programs\MiKTeX\tex/latex/kvsetkeys\kvse
tkeys.sty
Package: kvsetkeys 2022-10-05 v1.19 Key value parser (HO)
)
(C:\Users\Roberto Andres\AppData\Local\Programs\MiKTeX\tex/generic/kvdefinekeys
\kvdefinekeys.sty
Package: kvdefinekeys 2019-12-19 v1.6 Define keys (HO)
)
(C:\Users\Roberto Andres\AppData\Local\Programs\MiKTeX\tex/generic/pdfescape\pd
fescape.sty
Package: pdfescape 2019/12/09 v1.15 Implements pdfTeX's escape features (HO)

(C:\Users\Roberto Andres\AppData\Local\Programs\MiKTeX\tex/generic/ltxcmds\ltxc
mds.sty
Package: ltxcmds 2023-12-04 v1.26 LaTeX kernel commands for general use (HO)
)
(C:\Users\Roberto Andres\AppData\Local\Programs\MiKTeX\tex/generic/pdftexcmds\p
dftexcmds.sty
Package: pdftexcmds 2020-06-27 v0.33 Utility functions of pdfTeX for LuaTeX (HO
)

(C:\Users\Roberto Andres\AppData\Local\Programs\MiKTeX\tex/generic/infwarerr\in
fwarerr.sty
Package: infwarerr 2019/12/03 v1.5 Providing info/warning/error messages (HO)
)
Package pdftexcmds Info: \pdf@primitive is available.
Package pdftexcmds Info: \pdf@ifprimitive is available.
Package pdftexcmds Info: \pdfdraftmode found.
))
(C:\Users\Roberto Andres\AppData\Local\Programs\MiKTeX\tex/latex/hycolor\hycolo
r.sty
Package: hycolor 2020-01-27 v1.10 Color options for hyperref/bookmark (HO)
)
(C:\Users\Roberto Andres\AppData\Local\Programs\MiKTeX\tex/latex/hyperref\namer
ef.sty
Package: nameref 2023-11-26 v2.56 Cross-referencing by name of section

(C:\Users\Roberto Andres\AppData\Local\Programs\MiKTeX\tex/latex/refcount\refco
unt.sty
Package: refcount 2019/12/15 v3.6 Data extraction from label references (HO)
)
(C:\Users\Roberto Andres\AppData\Local\Programs\MiKTeX\tex/generic/gettitlestri
ng\gettitlestring.sty
Package: gettitlestring 2019/12/15 v1.6 Cleanup title references (HO)

(C:\Users\Roberto Andres\AppData\Local\Programs\MiKTeX\tex/latex/kvoptions\kvop
tions.sty
Package: kvoptions 2022-06-15 v3.15 Key value format for package options (HO)
))
\c@section@level=\count284
)
(C:\Users\Roberto Andres\AppData\Local\Programs\MiKTeX\tex/latex/etoolbox\etool
box.sty
Package: etoolbox 2025/02/11 v2.5l e-TeX tools for LaTeX (JAW)
\etb@tempcnta=\count285
)
(C:\Users\Roberto Andres\AppData\Local\Programs\MiKTeX\tex/generic/stringenc\st
ringenc.sty
Package: stringenc 2019/11/29 v1.12 Convert strings between diff. encodings (HO
)
)
\@linkdim=\dimen164
\Hy@linkcounter=\count286
\Hy@pagecounter=\count287

(C:\Users\Roberto Andres\AppData\Local\Programs\MiKTeX\tex/latex/hyperref\pd1en
c.def
File: pd1enc.def 2024-11-05 v7.01l Hyperref: PDFDocEncoding definition (HO)
Now handling font encoding PD1 ...
... no UTF-8 mapping file for font encoding PD1
)
(C:\Users\Roberto Andres\AppData\Local\Programs\MiKTeX\tex/generic/intcalc\intc
alc.sty
Package: intcalc 2019/12/15 v1.3 Expandable calculations with integers (HO)
)
\Hy@SavedSpaceFactor=\count288

(C:\Users\Roberto Andres\AppData\Local\Programs\MiKTeX\tex/latex/hyperref\puenc
.def
File: puenc.def 2024-11-05 v7.01l Hyperref: PDF Unicode definition (HO)
Now handling font encoding PU ...
... no UTF-8 mapping file for font encoding PU
)
Package hyperref Info: Hyper figures OFF on input line 4157.
Package hyperref Info: Link nesting OFF on input line 4162.
Package hyperref Info: Hyper index ON on input line 4165.
Package hyperref Info: Plain pages OFF on input line 4172.
Package hyperref Info: Backreferencing OFF on input line 4177.
Package hyperref Info: Implicit mode ON; LaTeX internals redefined.
Package hyperref Info: Bookmarks ON on input line 4424.
\c@Hy@tempcnt=\count289

(C:\Users\Roberto Andres\AppData\Local\Programs\MiKTeX\tex/latex/url\url.sty
\Urlmuskip=\muskip16
Package: url 2013/09/16  ver 3.4  Verb mode for urls, etc.
)
LaTeX Info: Redefining \url on input line 4763.
\XeTeXLinkMargin=\dimen165

(C:\Users\Roberto Andres\AppData\Local\Programs\MiKTeX\tex/generic/bitset\bitse
t.sty
Package: bitset 2019/12/09 v1.3 Handle bit-vector datatype (HO)

(C:\Users\Roberto Andres\AppData\Local\Programs\MiKTeX\tex/generic/bigintcalc\b
igintcalc.sty
Package: bigintcalc 2019/12/15 v1.5 Expandable calculations on big integers (HO
)
))
\Fld@menulength=\count290
\Field@Width=\dimen166
\Fld@charsize=\dimen167
Package hyperref Info: Hyper figures OFF on input line 6042.
Package hyperref Info: Link nesting OFF on input line 6047.
Package hyperref Info: Hyper index ON on input line 6050.
Package hyperref Info: backreferencing OFF on input line 6057.
Package hyperref Info: Link coloring OFF on input line 6062.
Package hyperref Info: Link coloring with OCG OFF on input line 6067.
Package hyperref Info: PDF/A mode OFF on input line 6072.

(C:\Users\Roberto Andres\AppData\Local\Programs\MiKTeX\tex/latex/base\atbegshi-
ltx.sty
Package: atbegshi-ltx 2021/01/10 v1.0c Emulation of the original atbegshi
package with kernel methods
)
\Hy@abspage=\count291
\c@Item=\count292
\c@Hfootnote=\count293
)
Package hyperref Info: Driver (autodetected): hpdftex.

(C:\Users\Roberto Andres\AppData\Local\Programs\MiKTeX\tex/latex/hyperref\hpdft
ex.def
File: hpdftex.def 2024-11-05 v7.01l Hyperref driver for pdfTeX

(C:\Users\Roberto Andres\AppData\Local\Programs\MiKTeX\tex/latex/base\atveryend
-ltx.sty
Package: atveryend-ltx 2020/08/19 v1.0a Emulation of the original atveryend pac
kage
with kernel methods
)
\Fld@listcount=\count294
\c@bookmark@seq@number=\count295

(C:\Users\Roberto Andres\AppData\Local\Programs\MiKTeX\tex/latex/rerunfilecheck
\rerunfilecheck.sty
Package: rerunfilecheck 2025-06-21 v1.11 Rerun checks for auxiliary files (HO)

(C:\Users\Roberto Andres\AppData\Local\Programs\MiKTeX\tex/generic/uniquecounte
r\uniquecounter.sty
Package: uniquecounter 2019/12/15 v1.4 Provide unlimited unique counter (HO)
)
Package uniquecounter Info: New unique counter `rerunfilecheck' on input line 2
84.
)
\Hy@SectionHShift=\skip53
)
(C:\Users\Roberto Andres\AppData\Local\Programs\MiKTeX\tex/latex/xcolor\xcolor.
sty
Package: xcolor 2023/11/15 v3.01 LaTeX color extensions (UK)

(C:\Users\Roberto Andres\AppData\Local\Programs\MiKTeX\tex/latex/graphics-cfg\c
olor.cfg
File: color.cfg 2016/01/02 v1.6 sample color configuration
)
Package xcolor Info: Driver file: pdftex.def on input line 274.
LaTeX Info: Redefining \color on input line 758.

(C:\Users\Roberto Andres\AppData\Local\Programs\MiKTeX\tex/latex/graphics\mathc
olor.ltx)
Package xcolor Info: Model `cmy' substituted by `cmy0' on input line 1350.
Package xcolor Info: Model `hsb' substituted by `rgb' on input line 1354.
Package xcolor Info: Model `RGB' extended on input line 1366.
Package xcolor Info: Model `HTML' substituted by `rgb' on input line 1368.
Package xcolor Info: Model `Hsb' substituted by `hsb' on input line 1369.
Package xcolor Info: Model `tHsb' substituted by `hsb' on input line 1370.
Package xcolor Info: Model `HSB' substituted by `hsb' on input line 1371.
Package xcolor Info: Model `Gray' substituted by `gray' on input line 1372.
Package xcolor Info: Model `wave' substituted by `hsb' on input line 1373.
)
(C:\Users\Roberto Andres\AppData\Local\Programs\MiKTeX\tex/latex/graphics\dvips
nam.def
File: dvipsnam.def 2016/06/17 v3.0m Driver-dependent file (DPC,SPQR)
)
(C:\Users\Roberto Andres\AppData\Local\Programs\MiKTeX\tex/latex/tools\multicol
.sty
Package: multicol 2023/03/30 v1.9f multicolumn formatting (FMi)
\c@tracingmulticols=\count296
\mult@box=\box54
\multicol@leftmargin=\dimen168
\c@unbalance=\count297
\c@collectmore=\count298
\doublecol@number=\count299
\multicoltolerance=\count300
\multicolpretolerance=\count301
\full@width=\dimen169
\page@free=\dimen170
\premulticols=\dimen171
\postmulticols=\dimen172
\multicolsep=\skip54
\multicolbaselineskip=\skip55
\partial@page=\box55
\last@line=\box56
\mc@boxedresult=\box57
\maxbalancingoverflow=\dimen173
\mult@rightbox=\box58
\mult@grightbox=\box59
\mult@firstbox=\box60
\mult@gfirstbox=\box61
\@tempa=\box62
\@tempa=\box63
\@tempa=\box64
\@tempa=\box65
\@tempa=\box66
\@tempa=\box67
\@tempa=\box68
\@tempa=\box69
\@tempa=\box70
\@tempa=\box71
\@tempa=\box72
\@tempa=\box73
\@tempa=\box74
\@tempa=\box75
\@tempa=\box76
\@tempa=\box77
\@tempa=\box78
\@tempa=\box79
\@tempa=\box80
\@tempa=\box81
\@tempa=\box82
\@tempa=\box83
\@tempa=\box84
\@tempa=\box85
\@tempa=\box86
\@tempa=\box87
\@tempa=\box88
\@tempa=\box89
\@tempa=\box90
\@tempa=\box91
\@tempa=\box92
\@tempa=\box93
\@tempa=\box94
\@tempa=\box95
\@tempa=\box96
\@tempa=\box97
\c@minrows=\count302
\c@columnbadness=\count303
\c@finalcolumnbadness=\count304
\last@try=\dimen174
\multicolovershoot=\dimen175
\multicolundershoot=\dimen176
\mult@nat@firstbox=\box98
\colbreak@box=\box99
\mc@col@check@num=\count305
)
(C:\Users\Roberto Andres\AppData\Local\Programs\MiKTeX\tex/latex/accsupp\accsup
p.sty
Package: accsupp 2019/12/05 v0.6 Accessibility support by marked content (HO)

(C:\Users\Roberto Andres\AppData\Local\Programs\MiKTeX\tex/latex/accsupp\accsup
p-pdftex.def
File: accsupp-pdftex.def 2019/12/05 v0.6 accsupp driver for pdfTeX (HO)
))
(C:\Users\Roberto Andres\AppData\Local\Programs\MiKTeX\tex/latex/fontawesome5\f
ontawesome5.sty
(C:\Users\Roberto Andres\AppData\Local\Programs\MiKTeX\tex/latex/l3kernel\expl3
.sty
Package: expl3 2024-01-04 L3 programming layer (loader) 

(C:\Users\Roberto Andres\AppData\Local\Programs\MiKTeX\tex/latex/l3backend\l3ba
ckend-pdftex.def
File: l3backend-pdftex.def 2024-01-04 L3 backend support: PDF output (pdfTeX)
\l__color_backend_stack_int=\count306
\l__pdf_internal_box=\box100
))
Package: fontawesome5 2022/05/02 v5.15.4 Font Awesome 5

(C:\Users\Roberto Andres\AppData\Local\Programs\MiKTeX\tex/latex/l3packages/l3k
eys2e\l3keys2e.sty
Package: l3keys2e 2023-10-10 LaTeX2e option processing using LaTeX3 keys
)
(C:\Users\Roberto Andres\AppData\Local\Programs\MiKTeX\tex/latex/l3packages/xpa
rse\xparse.sty
Package: xparse 2023-10-10 L3 Experimental document command parser
)
(C:\Users\Roberto Andres\AppData\Local\Programs\MiKTeX\tex/latex/fontawesome5\f
ontawesome5-generic-helper.sty
Package: fontawesome5-generic-helper 2022/05/02 v5.15.4 non-uTeX helper for fon
tawesome5

(C:\Users\Roberto Andres\AppData\Local\Programs\MiKTeX\tex/latex/fontawesome5\f
ontawesome5-mapping.def)))
(C:\Users\Roberto Andres\AppData\Local\Programs\MiKTeX\tex/generic/iftex\ifxete
x.sty
Package: ifxetex 2019/10/25 v0.7 ifxetex legacy package. Use iftex instead.
)
(C:\Users\Roberto Andres\AppData\Local\Programs\MiKTeX\tex/generic/iftex\ifluat
ex.sty
Package: ifluatex 2019/10/25 v1.5 ifluatex legacy package. Use iftex instead.
)
(C:\Users\Roberto Andres\AppData\Local\Programs\MiKTeX\tex/latex/koma-script\sc
rlfile.sty
Package: scrlfile 2026/02/02 v3.49.2 KOMA-Script package (file load hooks)

(C:\Users\Roberto Andres\AppData\Local\Programs\MiKTeX\tex/latex/koma-script\sc
rlfile-hook.sty
Package: scrlfile-hook 2026/02/02 v3.49.2 KOMA-Script package (using LaTeX hook
s)

(C:\Users\Roberto Andres\AppData\Local\Programs\MiKTeX\tex/latex/koma-script\sc
rlogo.sty
Package: scrlogo 2026/02/02 v3.49.2 KOMA-Script package (logo)
)))
(C:\Users\Roberto Andres\AppData\Local\Programs\MiKTeX\tex/latex/psnfss\helvet.
sty
Package: helvet 2020/03/25 PSNFSS-v9.3 (WaS) 
)
(C:\Users\Roberto Andres\AppData\Local\Programs\MiKTeX\tex/latex/dejavu\DejaVuS
ansCondensed.sty
Package: DejaVuSansCondensed 2011/06/01 Style file for DejaVuSansCondensed.
)
(C:\Users\Roberto Andres\AppData\Local\Programs\MiKTeX\tex/latex/base\fontenc.s
ty
Package: fontenc 2021/04/29 v2.0v Standard LaTeX package
LaTeX Font Info:    Trying to load font information for T1+DejaVuSansCondensed-
TLF on input line 112.

(C:\Users\Roberto Andres\AppData\Local\Programs\MiKTeX\tex/latex/dejavu\t1dejav
usanscondensed-tlf.fd
File: T1DejaVuSansCondensed-TLF.fd 2011/06/01 Font definitions for T1/DejaVuSan
sCondensed-TLF.
))
Package hyperref Info: Option `colorlinks' set `true' on input line 40.

(C:\Users\Roberto Andres\AppData\Local\Programs\MiKTeX\tex/latex/eso-pic\eso-pi
c.sty
Package: eso-pic 2025/12/10 v3.0d eso-pic (RN)
\ESO@tempdima=\dimen177
\ESO@tempdimb=\dimen178
)
(C:\Users\Roberto Andres\AppData\Local\Programs\MiKTeX\tex/latex/pgf/frontendla
yer\tikz.sty
(C:\Users\Roberto Andres\AppData\Local\Programs\MiKTeX\tex/latex/pgf/basiclayer
\pgf.sty
(C:\Users\Roberto Andres\AppData\Local\Programs\MiKTeX\tex/latex/pgf/utilities\
pgfrcs.sty
(C:\Users\Roberto Andres\AppData\Local\Programs\MiKTeX\tex/generic/pgf/utilitie
s\pgfutil-common.tex
\pgfutil@everybye=\toks23
\pgfutil@tempdima=\dimen179
\pgfutil@tempdimb=\dimen180
)
(C:\Users\Roberto Andres\AppData\Local\Programs\MiKTeX\tex/generic/pgf/utilitie
s\pgfutil-latex.def
\pgfutil@abb=\box101
)
(C:\Users\Roberto Andres\AppData\Local\Programs\MiKTeX\tex/generic/pgf/utilitie
s\pgfrcs.code.tex
(C:\Users\Roberto Andres\AppData\Local\Programs\MiKTeX\tex/generic/pgf\pgf.revi
sion.tex)
Package: pgfrcs 2023-01-15 v3.1.10 (3.1.10)
))
Package: pgf 2023-01-15 v3.1.10 (3.1.10)

(C:\Users\Roberto Andres\AppData\Local\Programs\MiKTeX\tex/latex/pgf/basiclayer
\pgfcore.sty
(C:\Users\Roberto Andres\AppData\Local\Programs\MiKTeX\tex/latex/pgf/systemlaye
r\pgfsys.sty
(C:\Users\Roberto Andres\AppData\Local\Programs\MiKTeX\tex/generic/pgf/systemla
yer\pgfsys.code.tex
Package: pgfsys 2023-01-15 v3.1.10 (3.1.10)

(C:\Users\Roberto Andres\AppData\Local\Programs\MiKTeX\tex/generic/pgf/utilitie
s\pgfkeys.code.tex
\pgfkeys@pathtoks=\toks24
\pgfkeys@temptoks=\toks25

(C:\Users\Roberto Andres\AppData\Local\Programs\MiKTeX\tex/generic/pgf/utilitie
s\pgfkeyslibraryfiltered.code.tex
\pgfkeys@tmptoks=\toks26
))
\pgf@x=\dimen181
\pgf@y=\dimen182
\pgf@xa=\dimen183
\pgf@ya=\dimen184
\pgf@xb=\dimen185
\pgf@yb=\dimen186
\pgf@xc=\dimen187
\pgf@yc=\dimen188
\pgf@xd=\dimen189
\pgf@yd=\dimen190
\w@pgf@writea=\write3
\r@pgf@reada=\read2
\c@pgf@counta=\count307
\c@pgf@countb=\count308
\c@pgf@countc=\count309
\c@pgf@countd=\count310
\t@pgf@toka=\toks27
\t@pgf@tokb=\toks28
\t@pgf@tokc=\toks29
\pgf@sys@id@count=\count311

(C:\Users\Roberto Andres\AppData\Local\Programs\MiKTeX\tex/generic/pgf/systemla
yer\pgf.cfg
File: pgf.cfg 2023-01-15 v3.1.10 (3.1.10)
)
Driver file for pgf: pgfsys-pdftex.def

(C:\Users\Roberto Andres\AppData\Local\Programs\MiKTeX\tex/generic/pgf/systemla
yer\pgfsys-pdftex.def
File: pgfsys-pdftex.def 2023-01-15 v3.1.10 (3.1.10)

(C:\Users\Roberto Andres\AppData\Local\Programs\MiKTeX\tex/generic/pgf/systemla
yer\pgfsys-common-pdf.def
File: pgfsys-common-pdf.def 2023-01-15 v3.1.10 (3.1.10)
)))
(C:\Users\Roberto Andres\AppData\Local\Programs\MiKTeX\tex/generic/pgf/systemla
yer\pgfsyssoftpath.code.tex
File: pgfsyssoftpath.code.tex 2023-01-15 v3.1.10 (3.1.10)
\pgfsyssoftpath@smallbuffer@items=\count312
\pgfsyssoftpath@bigbuffer@items=\count313
)
(C:\Users\Roberto Andres\AppData\Local\Programs\MiKTeX\tex/generic/pgf/systemla
yer\pgfsysprotocol.code.tex
File: pgfsysprotocol.code.tex 2023-01-15 v3.1.10 (3.1.10)
))
(C:\Users\Roberto Andres\AppData\Local\Programs\MiKTeX\tex/generic/pgf/basiclay
er\pgfcore.code.tex
Package: pgfcore 2023-01-15 v3.1.10 (3.1.10)

(C:\Users\Roberto Andres\AppData\Local\Programs\MiKTeX\tex/generic/pgf/math\pgf
math.code.tex
(C:\Users\Roberto Andres\AppData\Local\Programs\MiKTeX\tex/generic/pgf/math\pgf
mathutil.code.tex)
(C:\Users\Roberto Andres\AppData\Local\Programs\MiKTeX\tex/generic/pgf/math\pgf
mathparser.code.tex
\pgfmath@dimen=\dimen191
\pgfmath@count=\count314
\pgfmath@box=\box102
\pgfmath@toks=\toks30
\pgfmath@stack@operand=\toks31
\pgfmath@stack@operation=\toks32
)
(C:\Users\Roberto Andres\AppData\Local\Programs\MiKTeX\tex/generic/pgf/math\pgf
mathfunctions.code.tex)
(C:\Users\Roberto Andres\AppData\Local\Programs\MiKTeX\tex/generic/pgf/math\pgf
mathfunctions.basic.code.tex)
(C:\Users\Roberto Andres\AppData\Local\Programs\MiKTeX\tex/generic/pgf/math\pgf
mathfunctions.trigonometric.code.tex)
(C:\Users\Roberto Andres\AppData\Local\Programs\MiKTeX\tex/generic/pgf/math\pgf
mathfunctions.random.code.tex)
(C:\Users\Roberto Andres\AppData\Local\Programs\MiKTeX\tex/generic/pgf/math\pgf
mathfunctions.comparison.code.tex)
(C:\Users\Roberto Andres\AppData\Local\Programs\MiKTeX\tex/generic/pgf/math\pgf
mathfunctions.base.code.tex)
(C:\Users\Roberto Andres\AppData\Local\Programs\MiKTeX\tex/generic/pgf/math\pgf
mathfunctions.round.code.tex)
(C:\Users\Roberto Andres\AppData\Local\Programs\MiKTeX\tex/generic/pgf/math\pgf
mathfunctions.misc.code.tex)
(C:\Users\Roberto Andres\AppData\Local\Programs\MiKTeX\tex/generic/pgf/math\pgf
mathfunctions.integerarithmetics.code.tex)
(C:\Users\Roberto Andres\AppData\Local\Programs\MiKTeX\tex/generic/pgf/math\pgf
mathcalc.code.tex)
(C:\Users\Roberto Andres\AppData\Local\Programs\MiKTeX\tex/generic/pgf/math\pgf
mathfloat.code.tex
\c@pgfmathroundto@lastzeros=\count315
))
(C:\Users\Roberto Andres\AppData\Local\Programs\MiKTeX\tex/generic/pgf/math\pgf
int.code.tex)
(C:\Users\Roberto Andres\AppData\Local\Programs\MiKTeX\tex/generic/pgf/basiclay
er\pgfcorepoints.code.tex
File: pgfcorepoints.code.tex 2023-01-15 v3.1.10 (3.1.10)
\pgf@picminx=\dimen192
\pgf@picmaxx=\dimen193
\pgf@picminy=\dimen194
\pgf@picmaxy=\dimen195
\pgf@pathminx=\dimen196
\pgf@pathmaxx=\dimen197
\pgf@pathminy=\dimen198
\pgf@pathmaxy=\dimen199
\pgf@xx=\dimen256
\pgf@xy=\dimen257
\pgf@yx=\dimen258
\pgf@yy=\dimen259
\pgf@zx=\dimen260
\pgf@zy=\dimen261
)
(C:\Users\Roberto Andres\AppData\Local\Programs\MiKTeX\tex/generic/pgf/basiclay
er\pgfcorepathconstruct.code.tex
File: pgfcorepathconstruct.code.tex 2023-01-15 v3.1.10 (3.1.10)
\pgf@path@lastx=\dimen262
\pgf@path@lasty=\dimen263
)
(C:\Users\Roberto Andres\AppData\Local\Programs\MiKTeX\tex/generic/pgf/basiclay
er\pgfcorepathusage.code.tex
File: pgfcorepathusage.code.tex 2023-01-15 v3.1.10 (3.1.10)
\pgf@shorten@end@additional=\dimen264
\pgf@shorten@start@additional=\dimen265
)
(C:\Users\Roberto Andres\AppData\Local\Programs\MiKTeX\tex/generic/pgf/basiclay
er\pgfcorescopes.code.tex
File: pgfcorescopes.code.tex 2023-01-15 v3.1.10 (3.1.10)
\pgfpic=\box103
\pgf@hbox=\box104
\pgf@layerbox@main=\box105
\pgf@picture@serial@count=\count316
)
(C:\Users\Roberto Andres\AppData\Local\Programs\MiKTeX\tex/generic/pgf/basiclay
er\pgfcoregraphicstate.code.tex
File: pgfcoregraphicstate.code.tex 2023-01-15 v3.1.10 (3.1.10)
\pgflinewidth=\dimen266
)
(C:\Users\Roberto Andres\AppData\Local\Programs\MiKTeX\tex/generic/pgf/basiclay
er\pgfcoretransformations.code.tex
File: pgfcoretransformations.code.tex 2023-01-15 v3.1.10 (3.1.10)
\pgf@pt@x=\dimen267
\pgf@pt@y=\dimen268
\pgf@pt@temp=\dimen269
)
(C:\Users\Roberto Andres\AppData\Local\Programs\MiKTeX\tex/generic/pgf/basiclay
er\pgfcorequick.code.tex
File: pgfcorequick.code.tex 2023-01-15 v3.1.10 (3.1.10)
)
(C:\Users\Roberto Andres\AppData\Local\Programs\MiKTeX\tex/generic/pgf/basiclay
er\pgfcoreobjects.code.tex
File: pgfcoreobjects.code.tex 2023-01-15 v3.1.10 (3.1.10)
)
(C:\Users\Roberto Andres\AppData\Local\Programs\MiKTeX\tex/generic/pgf/basiclay
er\pgfcorepathprocessing.code.tex
File: pgfcorepathprocessing.code.tex 2023-01-15 v3.1.10 (3.1.10)
)
(C:\Users\Roberto Andres\AppData\Local\Programs\MiKTeX\tex/generic/pgf/basiclay
er\pgfcorearrows.code.tex
File: pgfcorearrows.code.tex 2023-01-15 v3.1.10 (3.1.10)
\pgfarrowsep=\dimen270
)
(C:\Users\Roberto Andres\AppData\Local\Programs\MiKTeX\tex/generic/pgf/basiclay
er\pgfcoreshade.code.tex
File: pgfcoreshade.code.tex 2023-01-15 v3.1.10 (3.1.10)
\pgf@max=\dimen271
\pgf@sys@shading@range@num=\count317
\pgf@shadingcount=\count318
)
(C:\Users\Roberto Andres\AppData\Local\Programs\MiKTeX\tex/generic/pgf/basiclay
er\pgfcoreimage.code.tex
File: pgfcoreimage.code.tex 2023-01-15 v3.1.10 (3.1.10)
)
(C:\Users\Roberto Andres\AppData\Local\Programs\MiKTeX\tex/generic/pgf/basiclay
er\pgfcoreexternal.code.tex
File: pgfcoreexternal.code.tex 2023-01-15 v3.1.10 (3.1.10)
\pgfexternal@startupbox=\box106
)
(C:\Users\Roberto Andres\AppData\Local\Programs\MiKTeX\tex/generic/pgf/basiclay
er\pgfcorelayers.code.tex
File: pgfcorelayers.code.tex 2023-01-15 v3.1.10 (3.1.10)
)
(C:\Users\Roberto Andres\AppData\Local\Programs\MiKTeX\tex/generic/pgf/basiclay
er\pgfcoretransparency.code.tex
File: pgfcoretransparency.code.tex 2023-01-15 v3.1.10 (3.1.10)
)
(C:\Users\Roberto Andres\AppData\Local\Programs\MiKTeX\tex/generic/pgf/basiclay
er\pgfcorepatterns.code.tex
File: pgfcorepatterns.code.tex 2023-01-15 v3.1.10 (3.1.10)
)
(C:\Users\Roberto Andres\AppData\Local\Programs\MiKTeX\tex/generic/pgf/basiclay
er\pgfcorerdf.code.tex
File: pgfcorerdf.code.tex 2023-01-15 v3.1.10 (3.1.10)
)))
(C:\Users\Roberto Andres\AppData\Local\Programs\MiKTeX\tex/generic/pgf/modules\
pgfmoduleshapes.code.tex
File: pgfmoduleshapes.code.tex 2023-01-15 v3.1.10 (3.1.10)
\pgfnodeparttextbox=\box107
)
(C:\Users\Roberto Andres\AppData\Local\Programs\MiKTeX\tex/generic/pgf/modules\
pgfmoduleplot.code.tex
File: pgfmoduleplot.code.tex 2023-01-15 v3.1.10 (3.1.10)
)
(C:\Users\Roberto Andres\AppData\Local\Programs\MiKTeX\tex/latex/pgf/compatibil
ity\pgfcomp-version-0-65.sty
Package: pgfcomp-version-0-65 2023-01-15 v3.1.10 (3.1.10)
\pgf@nodesepstart=\dimen272
\pgf@nodesepend=\dimen273
)
(C:\Users\Roberto Andres\AppData\Local\Programs\MiKTeX\tex/latex/pgf/compatibil
ity\pgfcomp-version-1-18.sty
Package: pgfcomp-version-1-18 2023-01-15 v3.1.10 (3.1.10)
))
(C:\Users\Roberto Andres\AppData\Local\Programs\MiKTeX\tex/latex/pgf/utilities\
pgffor.sty
(C:\Users\Roberto Andres\AppData\Local\Programs\MiKTeX\tex/latex/pgf/utilities\
pgfkeys.sty
(C:\Users\Roberto Andres\AppData\Local\Programs\MiKTeX\tex/generic/pgf/utilitie
s\pgfkeys.code.tex))
(C:\Users\Roberto Andres\AppData\Local\Programs\MiKTeX\tex/latex/pgf/math\pgfma
th.sty
(C:\Users\Roberto Andres\AppData\Local\Programs\MiKTeX\tex/generic/pgf/math\pgf
math.code.tex))
(C:\Users\Roberto Andres\AppData\Local\Programs\MiKTeX\tex/generic/pgf/utilitie
s\pgffor.code.tex
Package: pgffor 2023-01-15 v3.1.10 (3.1.10)
\pgffor@iter=\dimen274
\pgffor@skip=\dimen275
\pgffor@stack=\toks33
\pgffor@toks=\toks34
))
(C:\Users\Roberto Andres\AppData\Local\Programs\MiKTeX\tex/generic/pgf/frontend
layer/tikz\tikz.code.tex
Package: tikz 2023-01-15 v3.1.10 (3.1.10)

(C:\Users\Roberto Andres\AppData\Local\Programs\MiKTeX\tex/generic/pgf/librarie
s\pgflibraryplothandlers.code.tex
File: pgflibraryplothandlers.code.tex 2023-01-15 v3.1.10 (3.1.10)
\pgf@plot@mark@count=\count319
\pgfplotmarksize=\dimen276
)
\tikz@lastx=\dimen277
\tikz@lasty=\dimen278
\tikz@lastxsaved=\dimen279
\tikz@lastysaved=\dimen280
\tikz@lastmovetox=\dimen281
\tikz@lastmovetoy=\dimen282
\tikzleveldistance=\dimen283
\tikzsiblingdistance=\dimen284
\tikz@figbox=\box108
\tikz@figbox@bg=\box109
\tikz@tempbox=\box110
\tikz@tempbox@bg=\box111
\tikztreelevel=\count320
\tikznumberofchildren=\count321
\tikznumberofcurrentchild=\count322
\tikz@fig@count=\count323

(C:\Users\Roberto Andres\AppData\Local\Programs\MiKTeX\tex/generic/pgf/modules\
pgfmodulematrix.code.tex
File: pgfmodulematrix.code.tex 2023-01-15 v3.1.10 (3.1.10)
\pgfmatrixcurrentrow=\count324
\pgfmatrixcurrentcolumn=\count325
\pgf@matrix@numberofcolumns=\count326
)
\tikz@expandcount=\count327

(C:\Users\Roberto Andres\AppData\Local\Programs\MiKTeX\tex/generic/pgf/frontend
layer/tikz/libraries\tikzlibrarytopaths.code.tex
File: tikzlibrarytopaths.code.tex 2023-01-15 v3.1.10 (3.1.10)
)))
(C:\Users\Roberto Andres\AppData\Local\Programs\MiKTeX\tex/latex/fancyhdr\fancy
hdr.sty
Package: fancyhdr 2025/02/07 v5.2 Extensive control of page headers and footers

\f@nch@headwidth=\skip56
\f@nch@offset@elh=\skip57
\f@nch@offset@erh=\skip58
\f@nch@offset@olh=\skip59
\f@nch@offset@orh=\skip60
\f@nch@offset@elf=\skip61
\f@nch@offset@erf=\skip62
\f@nch@offset@olf=\skip63
\f@nch@offset@orf=\skip64
\f@nch@height=\skip65
\f@nch@footalignment=\skip66
\f@nch@widthL=\skip67
\f@nch@widthC=\skip68
\f@nch@widthR=\skip69
\@temptokenb=\toks35
)
(C:\Users\Roberto Andres\AppData\Local\Programs\MiKTeX\tex/latex/titlesec\title
sec.sty
Package: titlesec 2025/01/04 v2.17 Sectioning titles
\ttl@box=\box112
\beforetitleunit=\skip70
\aftertitleunit=\skip71
\ttl@plus=\dimen285
\ttl@minus=\dimen286
\ttl@toksa=\toks36
\titlewidth=\dimen287
\titlewidthlast=\dimen288
\titlewidthfirst=\dimen289
) (C:\Users\Roberto Andres\CV\cv_es\cv.aux)
\openout1 = `cv.aux'.

LaTeX Font Info:    Checking defaults for OML/cmm/m/it on input line 98.
LaTeX Font Info:    ... okay on input line 98.
LaTeX Font Info:    Checking defaults for OMS/cmsy/m/n on input line 98.
LaTeX Font Info:    ... okay on input line 98.
LaTeX Font Info:    Checking defaults for OT1/cmr/m/n on input line 98.
LaTeX Font Info:    ... okay on input line 98.
LaTeX Font Info:    Checking defaults for T1/cmr/m/n on input line 98.
LaTeX Font Info:    ... okay on input line 98.
LaTeX Font Info:    Checking defaults for TS1/cmr/m/n on input line 98.
LaTeX Font Info:    ... okay on input line 98.
LaTeX Font Info:    Checking defaults for OMX/cmex/m/n on input line 98.
LaTeX Font Info:    ... okay on input line 98.
LaTeX Font Info:    Checking defaults for U/cmr/m/n on input line 98.
LaTeX Font Info:    ... okay on input line 98.
LaTeX Font Info:    Checking defaults for PD1/pdf/m/n on input line 98.
LaTeX Font Info:    ... okay on input line 98.
LaTeX Font Info:    Checking defaults for PU/pdf/m/n on input line 98.
LaTeX Font Info:    ... okay on input line 98.

*geometry* driver: auto-detecting
*geometry* detected driver: pdftex
*geometry* verbose mode - [ preamble ] result:
* driver: pdftex
* paper: a4paper
* layout: <same size as paper>
* layoutoffset:(h,v)=(0.0pt,0.0pt)
* modes: 
* h-part:(L,W,R)=(28.90755pt, 539.69278pt, 28.90755pt)
* v-part:(T,H,B)=(28.90755pt, 787.23175pt, 28.90755pt)
* \paperwidth=597.50787pt
* \paperheight=845.04684pt
* \textwidth=539.69278pt
* \textheight=787.23175pt
* \oddsidemargin=-43.36244pt
* \evensidemargin=-43.36244pt
* \topmargin=-80.36244pt
* \headheight=12.0pt
* \headsep=25.0pt
* \topskip=11.0pt
* \footskip=30.0pt
* \marginparwidth=59.0pt
* \marginparsep=10.0pt
* \columnsep=10.0pt
* \skip\footins=10.0pt plus 4.0pt minus 2.0pt
* \hoffset=0.0pt
* \voffset=0.0pt
* \mag=1000
* \@twocolumnfalse
* \@twosidefalse
* \@mparswitchfalse
* \@reversemarginfalse
* (1in=72.27pt=25.4mm, 1cm=28.453pt)


(C:\Users\Roberto Andres\AppData\Local\Programs\MiKTeX\tex/context/base/mkii\su
pp-pdf.mkii
[Loading MPS to PDF converter (version 2006.09.02).]
\scratchcounter=\count328
\scratchdimen=\dimen290
\scratchbox=\box113
\nofMPsegments=\count329
\nofMParguments=\count330
\everyMPshowfont=\toks37
\MPscratchCnt=\count331
\MPscratchDim=\dimen291
\MPnumerator=\count332
\makeMPintoPDFobject=\count333
\everyMPtoPDFconversion=\toks38
)
(C:\Users\Roberto Andres\AppData\Local\Programs\MiKTeX\tex/latex/epstopdf-pkg\e
pstopdf-base.sty
Package: epstopdf-base 2020-01-24 v2.11 Base part for package epstopdf

(C:\Users\Roberto Andres\AppData\Local\Programs\MiKTeX\tex/latex/grfext\grfext.
sty
Package: grfext 2019/12/03 v1.3 Manage graphics extensions (HO)
)
Package epstopdf-base Info: Redefining graphics rule for `.eps' on input line 4
85.
Package grfext Info: Graphics extension search list:
(grfext)             [.pdf,.png,.jpg,.mps,.jpeg,.jbig2,.jb2,.PDF,.PNG,.JPG,.JPE
G,.JBIG2,.JB2,.eps]
(grfext)             \AppendGraphicsExtensions on input line 504.

(C:\Users\Roberto Andres\AppData\Local\Programs\MiKTeX\tex/latex/00miktex\epsto
pdf-sys.cfg
File: epstopdf-sys.cfg 2021/03/18 v2.0 Configuration of epstopdf for MiKTeX
))
Package hyperref Info: Link coloring ON on input line 98.
 (C:\Users\Roberto Andres\CV\cv_es\cv.out)
(C:\Users\Roberto Andres\CV\cv_es\cv.out)
\@outlinefile=\write4
\openout4 = `cv.out'.


contour: Using real outline for `Roberto Andrés Alvarado Moreira' on input lin
e 103.

(C:\Users\Roberto Andres\AppData\Local\Programs\MiKTeX\tex/latex/fontawesome5\u
fontawesomefree1.fd)
(C:\Users\Roberto Andres\AppData\Local\Programs\MiKTeX\tex/latex/fontawesome5\u
fontawesomebrands0.fd)
(C:\Users\Roberto Andres\AppData\Local\Programs\MiKTeX\tex/latex/base\t1cmtt.fd
)
(C:\Users\Roberto Andres\AppData\Local\Programs\MiKTeX\tex/latex/fontawesome5\u
fontawesomefree2.fd)
LaTeX Font Info:    Trying to load font information for U+fontawesomefree0 on i
nput line 133.

(C:\Users\Roberto Andres\AppData\Local\Programs\MiKTeX\tex/latex/fontawesome5\u
fontawesomefree0.fd)
LaTeX Font Info:    Trying to load font information for U+fontawesomebrands1 on
 input line 156.

(C:\Users\Roberto Andres\AppData\Local\Programs\MiKTeX\tex/latex/fontawesome5\u
fontawesomebrands1.fd)
LaTeX Font Info:    Font shape `U/fontawesomebrands1/solid/n' in size <9> not a
vailable
(Font)              Font shape `U/fontawesomebrands1/regular/n' tried instead o
n input line 156.

contour: Using real outline for `Desarrollador Senior de I\&D' on input line 18
5.
contour: Using real outline for `Práctica Quant' on input line 190.
contour: Using real outline for `Ingeniero Fullstack Junior' on input line 195.

contour: Using real outline for `Asistente de cátedra' on input line 201.
contour: Using real outline for `Maestría en Inteligencia Artificial Aplicada'
 on input line 210.
contour: Using real outline for `Licenciatura en Matemáticas' on input line 21
6.
contour: Using real outline for `Minor en Filosofía' on input line 223.
contour: Using real outline for `Testores' on input line 232.
contour: Using real outline for `Palm Tree' on input line 236.
[1

{C:/Users/Roberto Andres/AppData/Local/MiKTeX/fonts/map/pdftex/pdftex.map}{C:/U
sers/Roberto Andres/AppData/Local/Programs/MiKTeX/fonts/enc/dvips/dejavu/dejavu
sans_t1-type1.enc}{C:/Users/Roberto Andres/AppData/Local/Programs/MiKTeX/fonts/
enc/dvips/fontawesome5/fa5free1.enc}{C:/Users/Roberto Andres/AppData/Local/Prog
rams/MiKTeX/fonts/enc/dvips/fontawesome5/fa5brands0.enc}{C:/Users/Roberto Andre
s/AppData/Local/Programs/MiKTeX/fonts/enc/dvips/fontawesome5/fa5free2.enc}{C:/U
sers/Roberto Andres/AppData/Local/Programs/MiKTeX/fonts/enc/dvips/fontawesome5/
fa5free0.enc}{C:/Users/Roberto Andres/AppData/Local/Programs/MiKTeX/fonts/enc/d
vips/fontawesome5/fa5brands1.enc}] (C:\Users\Roberto Andres\CV\cv_es\cv.aux)
 ***********
LaTeX2e <2023-11-01> patch level 1
L3 programming layer <2024-01-04>
 ***********
Package rerunfilecheck Info: File `cv.out' has not changed.
(rerunfilecheck)             Checksum: D41D8CD98F00B204E9800998ECF8427E;0.
 ) 
Here is how much of TeX's memory you used:
 25042 strings out of 474476
 489214 string characters out of 5739078
 1956542 words of memory out of 5000000
 46871 multiletter control sequences out of 15000+600000
 589374 words of font info for 72 fonts, out of 8000000 for 9000
 1141 hyphenation exceptions out of 8191
 85i,9n,87p,412b,588s stack positions out of 10000i,1000n,20000p,200000b,200000s
 <C:\Users\Roberto Andres\AppData\Local\MiKTeX\fonts/pk/ljfour/jknappen/ec/dp
i600\ectt1095.pk><C:/Users/Roberto Andres/AppData/Local/Programs/MiKTeX/fonts/t
ype1/public/dejavu/DejaVuSansCondensed-Bold.pfb><C:/Users/Roberto Andres/AppDat
a/Local/Programs/MiKTeX/fonts/type1/public/dejavu/DejaVuSansCondensed-Oblique.p
fb><C:/Users/Roberto Andres/AppData/Local/Programs/MiKTeX/fonts/type1/public/de
javu/DejaVuSansCondensed.pfb><C:/Users/Roberto Andres/AppData/Local/Programs/Mi
KTeX/fonts/type1/public/fontawesome5/FontAwesome5Brands-Regular.pfb><C:/Users/R
oberto Andres/AppData/Local/Programs/MiKTeX/fonts/type1/public/fontawesome5/Fon
tAwesome5Free-Solid.pfb>
Output written on "C:\Users\Roberto Andres\CV\cv_es\cv.pdf" (1 page, 120074 byt
es).
PDF statistics:
 79 PDF objects out of 1000 (max. 8388607)
 2 named destinations out of 1000 (max. 500000)
 13 words of extra memory for PDF output out of 10000 (max. 10000000)

